<?xml version="1.0" encoding="UTF-8"?>
<testng-results skipped="0" failed="1" ignored="0" total="2" passed="1">
  <reporter-output>
  </reporter-output>
  <suite name="Suite" duration-ms="22294" started-at="2017-07-14T10:09:22Z" finished-at="2017-07-14T10:09:44Z">
    <groups>
    </groups>
    <test name="Test" duration-ms="22294" started-at="2017-07-14T10:09:22Z" finished-at="2017-07-14T10:09:44Z">
      <class name="com.test.automation.uiAutomation.homePage.TC001_VerifySuccessfulLogin">
        <test-method status="PASS" signature="setup()[pri:0, instance:com.test.automation.uiAutomation.homePage.TC001_VerifySuccessfulLogin@5579bb86]" name="setup" is-config="true" duration-ms="13155" started-at="2017-07-14T15:39:22Z" finished-at="2017-07-14T15:39:35Z">
          <reporter-output>
          </reporter-output>
        </test-method> <!-- setup -->
        <test-method status="PASS" signature="beforeMethod(java.lang.reflect.Method)[pri:0, instance:com.test.automation.uiAutomation.homePage.TC001_VerifySuccessfulLogin@5579bb86]" name="beforeMethod" is-config="true" duration-ms="8" started-at="2017-07-14T15:39:35Z" finished-at="2017-07-14T15:39:35Z">
          <params>
            <param index="0">
              <value>
                <![CDATA[public void com.test.automation.uiAutomation.homePage.TC001_VerifySuccessfulLogin.VerifySuccessfulLogin(java.lang.String,java.lang.String,java.lang.String)]]>
              </value>
            </param>
          </params>
          <reporter-output>
          </reporter-output>
        </test-method> <!-- beforeMethod -->
        <test-method status="PASS" signature="VerifySuccessfulLogin(java.lang.String, java.lang.String, java.lang.String)[pri:1, instance:com.test.automation.uiAutomation.homePage.TC001_VerifySuccessfulLogin@5579bb86]" name="VerifySuccessfulLogin" duration-ms="6024" started-at="2017-07-14T15:39:35Z" data-provider="Test Case Input Data" finished-at="2017-07-14T15:39:41Z">
          <params>
            <param index="0">
              <value>
                <![CDATA[admin]]>
              </value>
            </param>
            <param index="1">
              <value>
                <![CDATA[admin]]>
              </value>
            </param>
            <param index="2">
              <value>
                <![CDATA[Y]]>
              </value>
            </param>
          </params>
          <reporter-output>
          </reporter-output>
        </test-method> <!-- VerifySuccessfulLogin -->
        <test-method status="PASS" signature="afterMethod(org.testng.ITestResult, java.lang.reflect.Method)[pri:0, instance:com.test.automation.uiAutomation.homePage.TC001_VerifySuccessfulLogin@5579bb86]" name="afterMethod" is-config="true" duration-ms="1" started-at="2017-07-14T15:39:41Z" finished-at="2017-07-14T15:39:41Z">
          <params>
            <param index="0">
              <value>
                <![CDATA[[TestResult name=VerifySuccessfulLogin status=SUCCESS method=TC001_VerifySuccessfulLogin.VerifySuccessfulLogin(java.lang.String, java.lang.String, java.lang.String)[pri:1, instance:com.test.automation.uiAutomation.homePage.TC001_VerifySuccessfulLogin@5579bb86] output={null}]]]>
              </value>
            </param>
            <param index="1">
              <value>
                <![CDATA[public void com.test.automation.uiAutomation.homePage.TC001_VerifySuccessfulLogin.VerifySuccessfulLogin(java.lang.String,java.lang.String,java.lang.String)]]>
              </value>
            </param>
          </params>
          <reporter-output>
          </reporter-output>
        </test-method> <!-- afterMethod -->
        <test-method status="PASS" signature="beforeMethod(java.lang.reflect.Method)[pri:0, instance:com.test.automation.uiAutomation.homePage.TC001_VerifySuccessfulLogin@5579bb86]" name="beforeMethod" is-config="true" duration-ms="2" started-at="2017-07-14T15:39:41Z" finished-at="2017-07-14T15:39:41Z">
          <params>
            <param index="0">
              <value>
                <![CDATA[public void com.test.automation.uiAutomation.homePage.TC001_VerifySuccessfulLogin.VerifyUnSuccessfulLogin(java.lang.String,java.lang.String,java.lang.String)]]>
              </value>
            </param>
          </params>
          <reporter-output>
          </reporter-output>
        </test-method> <!-- beforeMethod -->
        <test-method status="FAIL" signature="VerifyUnSuccessfulLogin(java.lang.String, java.lang.String, java.lang.String)[pri:2, instance:com.test.automation.uiAutomation.homePage.TC001_VerifySuccessfulLogin@5579bb86]" name="VerifyUnSuccessfulLogin" duration-ms="910" started-at="2017-07-14T15:39:41Z" data-provider="Test Case Input Data" finished-at="2017-07-14T15:39:42Z">
          <params>
            <param index="0">
              <value>
                <![CDATA[admin1]]>
              </value>
            </param>
            <param index="1">
              <value>
                <![CDATA[admin]]>
              </value>
            </param>
            <param index="2">
              <value>
                <![CDATA[Y]]>
              </value>
            </param>
          </params>
          <exception class="org.openqa.selenium.NoSuchElementException">
            <message>
              <![CDATA[no such element: Unable to locate element: {"method":"id","selector":"welcome"}
  (Session info: chrome=59.0.3071.115)
  (Driver info: chromedriver=2.30.477700 (0057494ad8732195794a7b32078424f92a5fce41),platform=Windows NT 6.1.7601 SP1 x86_64) (WARNING: The server did not provide any stacktrace information)
Command duration or timeout: 30 milliseconds
For documentation on this error, please visit: http://seleniumhq.org/exceptions/no_such_element.html
Build info: version: '3.4.0', revision: 'unknown', time: 'unknown'
System info: host: 'HJL06690', ip: '10.44.19.4', os.name: 'Windows 7', os.arch: 'amd64', os.version: '6.1', java.version: '1.8.0_45'
Driver info: org.openqa.selenium.chrome.ChromeDriver
Capabilities [{applicationCacheEnabled=false, rotatable=false, mobileEmulationEnabled=false, networkConnectionEnabled=false, chrome={chromedriverVersion=2.30.477700 (0057494ad8732195794a7b32078424f92a5fce41), userDataDir=C:\Users\UMESH_~1\AppData\Local\Temp\scoped_dir13804_24164}, takesHeapSnapshot=true, pageLoadStrategy=normal, databaseEnabled=false, handlesAlerts=true, hasTouchScreen=false, version=59.0.3071.115, platform=XP, browserConnectionEnabled=false, nativeEvents=true, acceptSslCerts=true, locationContextEnabled=true, webStorageEnabled=true, browserName=chrome, takesScreenshot=true, javascriptEnabled=true, cssSelectorsEnabled=true, unexpectedAlertBehaviour=}]
Session ID: bddf83deb34439b3971cefa7e39a9e99
*** Element info: {Using=id, value=welcome}]]>
            </message>
            <full-stacktrace>
              <![CDATA[org.openqa.selenium.NoSuchElementException: no such element: Unable to locate element: {"method":"id","selector":"welcome"}
  (Session info: chrome=59.0.3071.115)
  (Driver info: chromedriver=2.30.477700 (0057494ad8732195794a7b32078424f92a5fce41),platform=Windows NT 6.1.7601 SP1 x86_64) (WARNING: The server did not provide any stacktrace information)
Command duration or timeout: 30 milliseconds
For documentation on this error, please visit: http://seleniumhq.org/exceptions/no_such_element.html
Build info: version: '3.4.0', revision: 'unknown', time: 'unknown'
System info: host: 'HJL06690', ip: '10.44.19.4', os.name: 'Windows 7', os.arch: 'amd64', os.version: '6.1', java.version: '1.8.0_45'
Driver info: org.openqa.selenium.chrome.ChromeDriver
Capabilities [{applicationCacheEnabled=false, rotatable=false, mobileEmulationEnabled=false, networkConnectionEnabled=false, chrome={chromedriverVersion=2.30.477700 (0057494ad8732195794a7b32078424f92a5fce41), userDataDir=C:\Users\UMESH_~1\AppData\Local\Temp\scoped_dir13804_24164}, takesHeapSnapshot=true, pageLoadStrategy=normal, databaseEnabled=false, handlesAlerts=true, hasTouchScreen=false, version=59.0.3071.115, platform=XP, browserConnectionEnabled=false, nativeEvents=true, acceptSslCerts=true, locationContextEnabled=true, webStorageEnabled=true, browserName=chrome, takesScreenshot=true, javascriptEnabled=true, cssSelectorsEnabled=true, unexpectedAlertBehaviour=}]
Session ID: bddf83deb34439b3971cefa7e39a9e99
*** Element info: {Using=id, value=welcome}
	at sun.reflect.NativeConstructorAccessorImpl.newInstance0(Native Method)
	at sun.reflect.NativeConstructorAccessorImpl.newInstance(NativeConstructorAccessorImpl.java:62)
	at sun.reflect.DelegatingConstructorAccessorImpl.newInstance(DelegatingConstructorAccessorImpl.java:45)
	at java.lang.reflect.Constructor.newInstance(Constructor.java:422)
	at org.openqa.selenium.remote.ErrorHandler.createThrowable(ErrorHandler.java:215)
	at org.openqa.selenium.remote.ErrorHandler.throwIfResponseFailed(ErrorHandler.java:167)
	at org.openqa.selenium.remote.RemoteWebDriver.execute(RemoteWebDriver.java:671)
	at org.openqa.selenium.remote.RemoteWebDriver.findElement(RemoteWebDriver.java:410)
	at org.openqa.selenium.remote.RemoteWebDriver.findElementById(RemoteWebDriver.java:453)
	at org.openqa.selenium.By$ById.findElement(By.java:218)
	at org.openqa.selenium.remote.RemoteWebDriver.findElement(RemoteWebDriver.java:402)
	at org.openqa.selenium.support.pagefactory.DefaultElementLocator.findElement(DefaultElementLocator.java:69)
	at org.openqa.selenium.support.pagefactory.internal.LocatingElementHandler.invoke(LocatingElementHandler.java:38)
	at com.sun.proxy.$Proxy8.getText(Unknown Source)
	at com.test.automation.uiAutomation.uiActions.HomePagePageFactory.getWelcomelink(HomePagePageFactory.java:65)
	at com.test.automation.uiAutomation.homePage.TC001_VerifySuccessfulLogin.VerifyUnSuccessfulLogin(TC001_VerifySuccessfulLogin.java:51)
	at sun.reflect.NativeMethodAccessorImpl.invoke0(Native Method)
	at sun.reflect.NativeMethodAccessorImpl.invoke(NativeMethodAccessorImpl.java:62)
	at sun.reflect.DelegatingMethodAccessorImpl.invoke(DelegatingMethodAccessorImpl.java:43)
	at java.lang.reflect.Method.invoke(Method.java:497)
	at org.testng.internal.MethodInvocationHelper.invokeMethod(MethodInvocationHelper.java:108)
	at org.testng.internal.Invoker.invokeMethod(Invoker.java:661)
	at org.testng.internal.Invoker.invokeTestMethod(Invoker.java:869)
	at org.testng.internal.Invoker.invokeTestMethods(Invoker.java:1193)
	at org.testng.internal.TestMethodWorker.invokeTestMethods(TestMethodWorker.java:126)
	at org.testng.internal.TestMethodWorker.run(TestMethodWorker.java:109)
	at java.util.concurrent.ThreadPoolExecutor.runWorker(ThreadPoolExecutor.java:1142)
	at java.util.concurrent.ThreadPoolExecutor$Worker.run(ThreadPoolExecutor.java:617)
	at java.lang.Thread.run(Thread.java:745)
]]>
            </full-stacktrace>
          </exception> <!-- org.openqa.selenium.NoSuchElementException -->
          <reporter-output>
          </reporter-output>
        </test-method> <!-- VerifyUnSuccessfulLogin -->
        <test-method status="PASS" signature="afterMethod(org.testng.ITestResult, java.lang.reflect.Method)[pri:0, instance:com.test.automation.uiAutomation.homePage.TC001_VerifySuccessfulLogin@5579bb86]" name="afterMethod" is-config="true" duration-ms="1" started-at="2017-07-14T15:39:42Z" finished-at="2017-07-14T15:39:42Z">
          <params>
            <param index="0">
              <value>
                <![CDATA[[TestResult name=VerifyUnSuccessfulLogin status=FAILURE method=TC001_VerifySuccessfulLogin.VerifyUnSuccessfulLogin(java.lang.String, java.lang.String, java.lang.String)[pri:2, instance:com.test.automation.uiAutomation.homePage.TC001_VerifySuccessfulLogin@5579bb86] output={null}]]]>
              </value>
            </param>
            <param index="1">
              <value>
                <![CDATA[public void com.test.automation.uiAutomation.homePage.TC001_VerifySuccessfulLogin.VerifyUnSuccessfulLogin(java.lang.String,java.lang.String,java.lang.String)]]>
              </value>
            </param>
          </params>
          <reporter-output>
          </reporter-output>
        </test-method> <!-- afterMethod -->
        <test-method status="PASS" signature="endTest()[pri:0, instance:com.test.automation.uiAutomation.homePage.TC001_VerifySuccessfulLogin@5579bb86]" name="endTest" is-config="true" duration-ms="1549" started-at="2017-07-14T15:39:42Z" finished-at="2017-07-14T15:39:44Z">
          <reporter-output>
          </reporter-output>
        </test-method> <!-- endTest -->
      </class> <!-- com.test.automation.uiAutomation.homePage.TC001_VerifySuccessfulLogin -->
    </test> <!-- Test -->
  </suite> <!-- Suite -->
</testng-results>
